<?xml version="1.0" encoding="utf-8"?><testsuites name="pytest tests"><testsuite name="pytest" errors="0" failures="0" skipped="0" tests="16" time="3.141" timestamp="2026-05-18T08:11:40.297471+00:00" hostname="agent-env-d9ffc5c7-bf0f-4612-8bf5-385b7611e6a7"><testcase classname="backend.tests.backend_test" name="test_health" time="0.280" /><testcase classname="backend.tests.backend_test" name="test_login_sets_cookies_and_me" time="0.589" /><testcase classname="backend.tests.backend_test" name="test_login_invalid" time="0.322" /><testcase classname="backend.tests.backend_test" name="test_admin_endpoints_require_auth" time="0.365" /><testcase classname="backend.tests.backend_test" name="test_grounds" time="0.046" /><testcase classname="backend.tests.backend_test" name="test_slots_returns_three" time="0.045" /><testcase classname="backend.tests.backend_test" name="test_slots_invalid_ground" time="0.048" /><testcase classname="backend.tests.backend_test" name="test_booking_blocks_slot" time="0.415" /><testcase classname="backend.tests.backend_test" name="test_double_booking_returns_409" time="0.050" /><testcase classname="backend.tests.backend_test" name="test_admin_list_and_update_booking" time="0.140" /><testcase classname="backend.tests.backend_test" name="test_admissions_crud" time="0.150" /><testcase classname="backend.tests.backend_test" name="test_attendance_mark_and_get" time="0.100" /><testcase classname="backend.tests.backend_test" name="test_blogs_public_list" time="0.045" /><testcase classname="backend.tests.backend_test" name="test_blog_admin_crud" time="0.228" /><testcase classname="backend.tests.backend_test" name="test_contact_public" time="0.054" /><testcase classname="backend.tests.backend_test" name="test_admin_stats" time="0.097" /></testsuite></testsuites>